<?xml version="1.0" encoding="UTF-8"?>
<!-- Generated by org.testng.reporters.JUnitReportReporter -->
<testsuite hostname="Lenovo" failures="0" tests="1" name="day5.learnTest_bm_af" time="0.039" errors="0" timestamp="2023-01-19T14:28:23 IST" skipped="0">
  <testcase classname="day5.learnTest_bm_af" name="f" time="0.039"/>
  <system-out/>
</testsuite> <!-- day5.learnTest_bm_af -->
